#
# There is insufficient memory for the Java Runtime Environment to continue.
# Native memory allocation (mmap) failed to map 1990197248 bytes for Failed to commit area from 0x0000000089600000 to 0x0000000100000000 of length 1990197248.
# Possible reasons:
#   The system is out of physical RAM or swap space
#   The process is running with CompressedOops enabled, and the Java Heap may be blocking the growth of the native heap
# Possible solutions:
#   Reduce memory load on the system
#   Increase physical memory or swap space
#   Check if swap backing store is full
#   Decrease Java heap size (-Xmx/-Xms)
#   Decrease number of Java threads
#   Decrease Java thread stack sizes (-Xss)
#   Set larger code cache with -XX:ReservedCodeCacheSize=
#   JVM is running with Unscaled Compressed Oops mode in which the Java heap is
#     placed in the first 4GB address space. The Java Heap base address is the
#     maximum limit for the native heap growth. Please use -XX:HeapBaseMinAddress
#     to set the Java Heap base and to place the Java Heap above 4GB virtual address.
# This output file may be truncated or incomplete.
#
#  Out of Memory Error (t:/workspace/open/src/hotspot/os/windows/os_windows.cpp:3254), pid=4428, tid=7504
#
# JRE version: Java(TM) SE Runtime Environment (12.0.1+12) (build 12.0.1+12)
# Java VM: Java HotSpot(TM) 64-Bit Server VM (12.0.1+12, mixed mode, sharing, tiered, compressed oops, g1 gc, windows-amd64)
# No core dump will be written. Minidumps are not enabled by default on client versions of Windows
#

---------------  S U M M A R Y ------------

Command Line: -Dfile.encoding=UTF-8 com.cai.sort.MergeSort

Host: Intel(R) Core(TM) i7-5500U CPU @ 2.40GHz, 4 cores, 7G,  Windows 10 , 64 bit Build 17763 (10.0.17763.475)
Time: Tue May 26 21:29:24 2020 ?D1¨²¡À¨º¡Á?¨º¡À?? elapsed time: 0 seconds (0d 0h 0m 0s)

---------------  T H R E A D  ---------------

Current thread (0x000001b87eb06800):  VMThread "VM Thread" [stack: 0x0000007fd1400000,0x0000007fd1500000] [id=7504]

Stack: [0x0000007fd1400000,0x0000007fd1500000]
[error occurred during error reporting (printing stack bounds), id 0xc0000005, EXCEPTION_ACCESS_VIOLATION (0xc0000005) at pc=0x000001b808330bad]

Native frames: (J=compiled Java code, j=interpreted, Vv=VM code, C=native code)
V  [jvm.dll+0x63948a]
V  [jvm.dll+0x78b31f]
V  [jvm.dll+0x78c9c1]
V  [jvm.dll+0x78cf75]
V  [jvm.dll+0x78cf2b]
V  [jvm.dll+0x638b84]
V  [jvm.dll+0x638f58]
C  [ntdll.dll+0xa477f]
C  [ntdll.dll+0x4bef]
C  [ntdll.dll+0xa34ee]
C  0x000001b808330bad

VM_Operation (0x0000007fd0eff140): G1CollectForAllocation, mode: safepoint, requested by thread 0x000001b87ba6a800


---------------  P R O C E S S  ---------------

Threads class SMR info:
_java_thread_list=0x000001b87f4cf480, length=10, elements={
0x000001b87ba6a800, 0x000001b87eb0a000, 0x000001b87eb0b000, 0x000001b87eb28000,
0x000001b87eb29000, 0x000001b87eb2a800, 0x000001b87f402000, 0x000001b87f409000,
0x000001b87f4e0800, 0x000001b87f4e6800
}

Java Threads: ( => current thread )
  0x000001b87ba6a800 JavaThread "main" [_thread_blocked, id=14316, stack(0x0000007fd0e00000,0x0000007fd0f00000)]
  0x000001b87eb0a000 JavaThread "Reference Handler" daemon [_thread_blocked, id=5244, stack(0x0000007fd1500000,0x0000007fd1600000)]
  0x000001b87eb0b000 JavaThread "Finalizer" daemon [_thread_blocked, id=11996, stack(0x0000007fd1600000,0x0000007fd1700000)]
  0x000001b87eb28000 JavaThread "Signal Dispatcher" daemon [_thread_blocked, id=7096, stack(0x0000007fd1700000,0x0000007fd1800000)]
  0x000001b87eb29000 JavaThread "Attach Listener" daemon [_thread_blocked, id=8276, stack(0x0000007fd1800000,0x0000007fd1900000)]
  0x000001b87eb2a800 JavaThread "C2 CompilerThread0" daemon [_thread_blocked, id=11944, stack(0x0000007fd1900000,0x0000007fd1a00000)]
  0x000001b87f402000 JavaThread "C1 CompilerThread0" daemon [_thread_blocked, id=8900, stack(0x0000007fd1a00000,0x0000007fd1b00000)]
  0x000001b87f409000 JavaThread "Sweeper thread" daemon [_thread_blocked, id=14912, stack(0x0000007fd1b00000,0x0000007fd1c00000)]
  0x000001b87f4e0800 JavaThread "Service Thread" daemon [_thread_blocked, id=11076, stack(0x0000007fd1c00000,0x0000007fd1d00000)]
  0x000001b87f4e6800 JavaThread "Common-Cleaner" daemon [_thread_blocked, id=6916, stack(0x0000007fd1e00000,0x0000007fd1f00000)]

Other Threads:
=>0x000001b87eb06800 VMThread "VM Thread" [stack: 0x0000007fd1400000,0x0000007fd1500000] [id=7504]
  0x000001b87f4e6000 WatcherThread [stack: 0x0000007fd1d00000,0x0000007fd1e00000] [id=12992]
  0x000001b87baa9000 GCTaskThread "GC Thread#0" [stack: 0x0000007fd0f00000,0x0000007fd1000000] [id=12092]
  0x000001b87f4f0000 GCTaskThread "GC Thread#1" [stack: 0x0000007fd1f00000,0x0000007fd2000000] [id=2428]
  0x000001b87f4f1000 GCTaskThread "GC Thread#2" [stack: 0x0000007fd2000000,0x0000007fd2100000] [id=3060]
  0x000001b87bab8000 ConcurrentGCThread "G1 Main Marker" [stack: 0x0000007fd1000000,0x0000007fd1100000] [id=13724]
  0x000001b87babc000 ConcurrentGCThread "G1 Conc#0" [stack: 0x0000007fd1100000,0x0000007fd1200000] [id=7400]
  0x000001b87e986800 ConcurrentGCThread "G1 Refine#0" [stack: 0x0000007fd1200000,0x0000007fd1300000] [id=13320]
  0x000001b87e989000 ConcurrentGCThread "G1 Young RemSet Sampling" [stack: 0x0000007fd1300000,0x0000007fd1400000] [id=14608]

Threads with active compile tasks:

VM state:at safepoint (normal execution)

VM Mutex/Monitor currently owned by a thread:  ([mutex/lock_event])
[0x000001b87ba662f0] Threads_lock - owner thread: 0x000001b87eb06800
[0x000001b87ba659f0] Heap_lock - owner thread: 0x000001b87ba6a800

Heap address: 0x0000000081800000, size: 2024 MB, Compressed Oops mode: 32-bit
Narrow klass base: 0x0000000800000000, Narrow klass shift: 3
Compressed class space size: 1073741824 Address: 0x00000008011a0000

Heap:
 garbage-first heap   total 2072576K, used 766K [0x0000000081800000, 0x0000000100000000)
  region size 1024K, 1 young (1024K), 1 survivors (1024K)
 Metaspace       used 252K, capacity 4486K, committed 4864K, reserved 1056768K
  class space    used 12K, capacity 386K, committed 512K, reserved 1048576K
Heap Regions: E=young(eden), S=young(survivor), O=old, HS=humongous(starts), HC=humongous(continues), CS=collection set, F=free, A=archive, TAMS=top-at-mark-start (previous, next)
|   0|0x0000000081800000, 0x0000000081800000, 0x0000000081900000|  0%| F|  |TAMS 0x0000000081800000, 0x0000000081800000| Untracked 
|   1|0x0000000081900000, 0x0000000081900000, 0x0000000081a00000|  0%| F|  |TAMS 0x0000000081900000, 0x0000000081900000| Untracked 
|   2|0x0000000081a00000, 0x0000000081a00000, 0x0000000081b00000|  0%| F|  |TAMS 0x0000000081a00000, 0x0000000081a00000| Untracked 
|   3|0x0000000081b00000, 0x0000000081b00000, 0x0000000081c00000|  0%| F|  |TAMS 0x0000000081b00000, 0x0000000081b00000| Untracked 
|   4|0x0000000081c00000, 0x0000000081c00000, 0x0000000081d00000|  0%| F|  |TAMS 0x0000000081c00000, 0x0000000081c00000| Untracked 
|   5|0x0000000081d00000, 0x0000000081d00000, 0x0000000081e00000|  0%| F|  |TAMS 0x0000000081d00000, 0x0000000081d00000| Untracked 
|   6|0x0000000081e00000, 0x0000000081ebfb40, 0x0000000081f00000| 74%| S|CS|TAMS 0x0000000081e00000, 0x0000000081e00000| Complete 
|   7|0x0000000081f00000, 0x0000000081f00000, 0x0000000082000000|  0%| F|  |TAMS 0x0000000081f00000, 0x0000000081f00000| Untracked 
|   8|0x0000000082000000, 0x0000000082000000, 0x0000000082100000|  0%| F|  |TAMS 0x0000000082000000, 0x0000000082000000| Untracked 
|   9|0x0000000082100000, 0x0000000082100000, 0x0000000082200000|  0%| F|  |TAMS 0x0000000082100000, 0x0000000082100000| Untracked 
|  10|0x0000000082200000, 0x0000000082200000, 0x0000000082300000|  0%| F|  |TAMS 0x0000000082200000, 0x0000000082200000| Untracked 
|  11|0x0000000082300000, 0x0000000082300000, 0x0000000082400000|  0%| F|  |TAMS 0x0000000082300000, 0x0000000082300000| Untracked 
|  12|0x0000000082400000, 0x0000000082400000, 0x0000000082500000|  0%| F|  |TAMS 0x0000000082400000, 0x0000000082400000| Untracked 
|  13|0x0000000082500000, 0x0000000082500000, 0x0000000082600000|  0%| F|  |TAMS 0x0000000082500000, 0x0000000082500000| Untracked 
|  14|0x0000000082600000, 0x0000000082600000, 0x0000000082700000|  0%| F|  |TAMS 0x0000000082600000, 0x0000000082600000| Untracked 
|  15|0x0000000082700000, 0x0000000082700000, 0x0000000082800000|  0%| F|  |TAMS 0x0000000082700000, 0x0000000082700000| Untracked 
|  16|0x0000000082800000, 0x0000000082800000, 0x0000000082900000|  0%| F|  |TAMS 0x0000000082800000, 0x0000000082800000| Untracked 
|  17|0x0000000082900000, 0x0000000082900000, 0x0000000082a00000|  0%| F|  |TAMS 0x0000000082900000, 0x0000000082900000| Untracked 
|  18|0x0000000082a00000, 0x0000000082a00000, 0x0000000082b00000|  0%| F|  |TAMS 0x0000000082a00000, 0x0000000082a00000| Untracked 
|  19|0x0000000082b00000, 0x0000000082b00000, 0x0000000082c00000|  0%| F|  |TAMS 0x0000000082b00000, 0x0000000082b00000| Untracked 
|  20|0x0000000082c00000, 0x0000000082c00000, 0x0000000082d00000|  0%| F|  |TAMS 0x0000000082c00000, 0x0000000082c00000| Untracked 
|  21|0x0000000082d00000, 0x0000000082d00000, 0x0000000082e00000|  0%| F|  |TAMS 0x0000000082d00000, 0x0000000082d00000| Untracked 
|  22|0x0000000082e00000, 0x0000000082e00000, 0x0000000082f00000|  0%| F|  |TAMS 0x0000000082e00000, 0x0000000082e00000| Untracked 
|  23|0x0000000082f00000, 0x0000000082f00000, 0x0000000083000000|  0%| F|  |TAMS 0x0000000082f00000, 0x0000000082f00000| Untracked 
|  24|0x0000000083000000, 0x0000000083000000, 0x0000000083100000|  0%| F|  |TAMS 0x0000000083000000, 0x0000000083000000| Untracked 
|  25|0x0000000083100000, 0x0000000083100000, 0x0000000083200000|  0%| F|  |TAMS 0x0000000083100000, 0x0000000083100000| Untracked 
|  26|0x0000000083200000, 0x0000000083200000, 0x0000000083300000|  0%| F|  |TAMS 0x0000000083200000, 0x0000000083200000| Untracked 
|  27|0x0000000083300000, 0x0000000083300000, 0x0000000083400000|  0%| F|  |TAMS 0x0000000083300000, 0x0000000083300000| Untracked 
|  28|0x0000000083400000, 0x0000000083400000, 0x0000000083500000|  0%| F|  |TAMS 0x0000000083400000, 0x0000000083400000| Untracked 
|  29|0x0000000083500000, 0x0000000083500000, 0x0000000083600000|  0%| F|  |TAMS 0x0000000083500000, 0x0000000083500000| Untracked 
|  30|0x0000000083600000, 0x0000000083600000, 0x0000000083700000|  0%| F|  |TAMS 0x0000000083600000, 0x0000000083600000| Untracked 
|  31|0x0000000083700000, 0x0000000083700000, 0x0000000083800000|  0%| F|  |TAMS 0x0000000083700000, 0x0000000083700000| Untracked 
|  32|0x0000000083800000, 0x0000000083800000, 0x0000000083900000|  0%| F|  |TAMS 0x0000000083800000, 0x0000000083800000| Untracked 
|  33|0x0000000083900000, 0x0000000083900000, 0x0000000083a00000|  0%| F|  |TAMS 0x0000000083900000, 0x0000000083900000| Untracked 
|  34|0x0000000083a00000, 0x0000000083a00000, 0x0000000083b00000|  0%| F|  |TAMS 0x0000000083a00000, 0x0000000083a00000| Untracked 
|  35|0x0000000083b00000, 0x0000000083b00000, 0x0000000083c00000|  0%| F|  |TAMS 0x0000000083b00000, 0x0000000083b00000| Untracked 
|  36|0x0000000083c00000, 0x0000000083c00000, 0x0000000083d00000|  0%| F|  |TAMS 0x0000000083c00000, 0x0000000083c00000| Untracked 
|  37|0x0000000083d00000, 0x0000000083d00000, 0x0000000083e00000|  0%| F|  |TAMS 0x0000000083d00000, 0x0000000083d00000| Untracked 
|  38|0x0000000083e00000, 0x0000000083e00000, 0x0000000083f00000|  0%| F|  |TAMS 0x0000000083e00000, 0x0000000083e00000| Untracked 
|  39|0x0000000083f00000, 0x0000000083f00000, 0x0000000084000000|  0%| F|  |TAMS 0x0000000083f00000, 0x0000000083f00000| Untracked 
|  40|0x0000000084000000, 0x0000000084000000, 0x0000000084100000|  0%| F|  |TAMS 0x0000000084000000, 0x0000000084000000| Untracked 
|  41|0x0000000084100000, 0x0000000084100000, 0x0000000084200000|  0%| F|  |TAMS 0x0000000084100000, 0x0000000084100000| Untracked 
|  42|0x0000000084200000, 0x0000000084200000, 0x0000000084300000|  0%| F|  |TAMS 0x0000000084200000, 0x0000000084200000| Untracked 
|  43|0x0000000084300000, 0x0000000084300000, 0x0000000084400000|  0%| F|  |TAMS 0x0000000084300000, 0x0000000084300000| Untracked 
|  44|0x0000000084400000, 0x0000000084400000, 0x0000000084500000|  0%| F|  |TAMS 0x0000000084400000, 0x0000000084400000| Untracked 
|  45|0x0000000084500000, 0x0000000084500000, 0x0000000084600000|  0%| F|  |TAMS 0x0000000084500000, 0x0000000084500000| Untracked 
|  46|0x0000000084600000, 0x0000000084600000, 0x0000000084700000|  0%| F|  |TAMS 0x0000000084600000, 0x0000000084600000| Untracked 
|  47|0x0000000084700000, 0x0000000084700000, 0x0000000084800000|  0%| F|  |TAMS 0x0000000084700000, 0x0000000084700000| Untracked 
|  48|0x0000000084800000, 0x0000000084800000, 0x0000000084900000|  0%| F|  |TAMS 0x0000000084800000, 0x0000000084800000| Untracked 
|  49|0x0000000084900000, 0x0000000084900000, 0x0000000084a00000|  0%| F|  |TAMS 0x0000000084900000, 0x0000000084900000| Untracked 
|  50|0x0000000084a00000, 0x0000000084a00000, 0x0000000084b00000|  0%| F|  |TAMS 0x0000000084a00000, 0x0000000084a00000| Untracked 
|  51|0x0000000084b00000, 0x0000000084b00000, 0x0000000084c00000|  0%| F|  |TAMS 0x0000000084b00000, 0x0000000084b00000| Untracked 
|  52|0x0000000084c00000, 0x0000000084c00000, 0x0000000084d00000|  0%| F|  |TAMS 0x0000000084c00000, 0x0000000084c00000| Untracked 
|  53|0x0000000084d00000, 0x0000000084d00000, 0x0000000084e00000|  0%| F|  |TAMS 0x0000000084d00000, 0x0000000084d00000| Untracked 
|  54|0x0000000084e00000, 0x0000000084e00000, 0x0000000084f00000|  0%| F|  |TAMS 0x0000000084e00000, 0x0000000084e00000| Untracked 
|  55|0x0000000084f00000, 0x0000000084f00000, 0x0000000085000000|  0%| F|  |TAMS 0x0000000084f00000, 0x0000000084f00000| Untracked 
|  56|0x0000000085000000, 0x0000000085000000, 0x0000000085100000|  0%| F|  |TAMS 0x0000000085000000, 0x0000000085000000| Untracked 
|  57|0x0000000085100000, 0x0000000085100000, 0x0000000085200000|  0%| F|  |TAMS 0x0000000085100000, 0x0000000085100000| Untracked 
|  58|0x0000000085200000, 0x0000000085200000, 0x0000000085300000|  0%| F|  |TAMS 0x0000000085200000, 0x0000000085200000| Untracked 
|  59|0x0000000085300000, 0x0000000085300000, 0x0000000085400000|  0%| F|  |TAMS 0x0000000085300000, 0x0000000085300000| Untracked 
|  60|0x0000000085400000, 0x0000000085400000, 0x0000000085500000|  0%| F|  |TAMS 0x0000000085400000, 0x0000000085400000| Untracked 
|  61|0x0000000085500000, 0x0000000085500000, 0x0000000085600000|  0%| F|  |TAMS 0x0000000085500000, 0x0000000085500000| Untracked 
|  62|0x0000000085600000, 0x0000000085600000, 0x0000000085700000|  0%| F|  |TAMS 0x0000000085600000, 0x0000000085600000| Untracked 
|  63|0x0000000085700000, 0x0000000085700000, 0x0000000085800000|  0%| F|  |TAMS 0x0000000085700000, 0x0000000085700000| Untracked 
|  64|0x0000000085800000, 0x0000000085800000, 0x0000000085900000|  0%| F|  |TAMS 0x0000000085800000, 0x0000000085800000| Untracked 
|  65|0x0000000085900000, 0x0000000085900000, 0x0000000085a00000|  0%| F|  |TAMS 0x0000000085900000, 0x0000000085900000| Untracked 
|  66|0x0000000085a00000, 0x0000000085a00000, 0x0000000085b00000|  0%| F|  |TAMS 0x0000000085a00000, 0x0000000085a00000| Untracked 
|  67|0x0000000085b00000, 0x0000000085b00000, 0x0000000085c00000|  0%| F|  |TAMS 0x0000000085b00000, 0x0000000085b00000| Untracked 
|  68|0x0000000085c00000, 0x0000000085c00000, 0x0000000085d00000|  0%| F|  |TAMS 0x0000000085c00000, 0x0000000085c00000| Untracked 
|  69|0x0000000085d00000, 0x0000000085d00000, 0x0000000085e00000|  0%| F|  |TAMS 0x0000000085d00000, 0x0000000085d00000| Untracked 
|  70|0x0000000085e00000, 0x0000000085e00000, 0x0000000085f00000|  0%| F|  |TAMS 0x0000000085e00000, 0x0000000085e00000| Untracked 
|  71|0x0000000085f00000, 0x0000000085f00000, 0x0000000086000000|  0%| F|  |TAMS 0x0000000085f00000, 0x0000000085f00000| Untracked 
|  72|0x0000000086000000, 0x0000000086000000, 0x0000000086100000|  0%| F|  |TAMS 0x0000000086000000, 0x0000000086000000| Untracked 
|  73|0x0000000086100000, 0x0000000086100000, 0x0000000086200000|  0%| F|  |TAMS 0x0000000086100000, 0x0000000086100000| Untracked 
|  74|0x0000000086200000, 0x0000000086200000, 0x0000000086300000|  0%| F|  |TAMS 0x0000000086200000, 0x0000000086200000| Untracked 
|  75|0x0000000086300000, 0x0000000086300000, 0x0000000086400000|  0%| F|  |TAMS 0x0000000086300000, 0x0000000086300000| Untracked 
|  76|0x0000000086400000, 0x0000000086400000, 0x0000000086500000|  0%| F|  |TAMS 0x0000000086400000, 0x0000000086400000| Untracked 
|  77|0x0000000086500000, 0x0000000086500000, 0x0000000086600000|  0%| F|  |TAMS 0x0000000086500000, 0x0000000086500000| Untracked 
|  78|0x0000000086600000, 0x0000000086600000, 0x0000000086700000|  0%| F|  |TAMS 0x0000000086600000, 0x0000000086600000| Untracked 
|  79|0x0000000086700000, 0x0000000086700000, 0x0000000086800000|  0%| F|  |TAMS 0x0000000086700000, 0x0000000086700000| Untracked 
|  80|0x0000000086800000, 0x0000000086800000, 0x0000000086900000|  0%| F|  |TAMS 0x0000000086800000, 0x0000000086800000| Untracked 
|  81|0x0000000086900000, 0x0000000086900000, 0x0000000086a00000|  0%| F|  |TAMS 0x0000000086900000, 0x0000000086900000| Untracked 
|  82|0x0000000086a00000, 0x0000000086a00000, 0x0000000086b00000|  0%| F|  |TAMS 0x0000000086a00000, 0x0000000086a00000| Untracked 
|  83|0x0000000086b00000, 0x0000000086b00000, 0x0000000086c00000|  0%| F|  |TAMS 0x0000000086b00000, 0x0000000086b00000| Untracked 
|  84|0x0000000086c00000, 0x0000000086c00000, 0x0000000086d00000|  0%| F|  |TAMS 0x0000000086c00000, 0x0000000086c00000| Untracked 
|  85|0x0000000086d00000, 0x0000000086d00000, 0x0000000086e00000|  0%| F|  |TAMS 0x0000000086d00000, 0x0000000086d00000| Untracked 
|  86|0x0000000086e00000, 0x0000000086e00000, 0x0000000086f00000|  0%| F|  |TAMS 0x0000000086e00000, 0x0000000086e00000| Untracked 
|  87|0x0000000086f00000, 0x0000000086f00000, 0x0000000087000000|  0%| F|  |TAMS 0x0000000086f00000, 0x0000000086f00000| Untracked 
|  88|0x0000000087000000, 0x0000000087000000, 0x0000000087100000|  0%| F|  |TAMS 0x0000000087000000, 0x0000000087000000| Untracked 
|  89|0x0000000087100000, 0x0000000087100000, 0x0000000087200000|  0%| F|  |TAMS 0x0000000087100000, 0x0000000087100000| Untracked 
|  90|0x0000000087200000, 0x0000000087200000, 0x0000000087300000|  0%| F|  |TAMS 0x0000000087200000, 0x0000000087200000| Untracked 
|  91|0x0000000087300000, 0x0000000087300000, 0x0000000087400000|  0%| F|  |TAMS 0x0000000087300000, 0x0000000087300000| Untracked 
|  92|0x0000000087400000, 0x0000000087400000, 0x0000000087500000|  0%| F|  |TAMS 0x0000000087400000, 0x0000000087400000| Untracked 
|  93|0x0000000087500000, 0x0000000087500000, 0x0000000087600000|  0%| F|  |TAMS 0x0000000087500000, 0x0000000087500000| Untracked 
|  94|0x0000000087600000, 0x0000000087600000, 0x0000000087700000|  0%| F|  |TAMS 0x0000000087600000, 0x0000000087600000| Untracked 
|  95|0x0000000087700000, 0x0000000087700000, 0x0000000087800000|  0%| F|  |TAMS 0x0000000087700000, 0x0000000087700000| Untracked 
|  96|0x0000000087800000, 0x0000000087800000, 0x0000000087900000|  0%| F|  |TAMS 0x0000000087800000, 0x0000000087800000| Untracked 
|  97|0x0000000087900000, 0x0000000087900000, 0x0000000087a00000|  0%| F|  |TAMS 0x0000000087900000, 0x0000000087900000| Untracked 
|  98|0x0000000087a00000, 0x0000000087a00000, 0x0000000087b00000|  0%| F|  |TAMS 0x0000000087a00000, 0x0000000087a00000| Untracked 
|  99|0x0000000087b00000, 0x0000000087b00000, 0x0000000087c00000|  0%| F|  |TAMS 0x0000000087b00000, 0x0000000087b00000| Untracked 
| 100|0x0000000087c00000, 0x0000000087c00000, 0x0000000087d00000|  0%| F|  |TAMS 0x0000000087c00000, 0x0000000087c00000| Untracked 
| 101|0x0000000087d00000, 0x0000000087d00000, 0x0000000087e00000|  0%| F|  |TAMS 0x0000000087d00000, 0x0000000087d00000| Untracked 
| 102|0x0000000087e00000, 0x0000000087e00000, 0x0000000087f00000|  0%| F|  |TAMS 0x0000000087e00000, 0x0000000087e00000| Untracked 
| 103|0x0000000087f00000, 0x0000000087f00000, 0x0000000088000000|  0%| F|  |TAMS 0x0000000087f00000, 0x0000000087f00000| Untracked 
| 104|0x0000000088000000, 0x0000000088000000, 0x0000000088100000|  0%| F|  |TAMS 0x0000000088000000, 0x0000000088000000| Untracked 
| 105|0x0000000088100000, 0x0000000088100000, 0x0000000088200000|  0%| F|  |TAMS 0x0000000088100000, 0x0000000088100000| Untracked 
| 106|0x0000000088200000, 0x0000000088200000, 0x0000000088300000|  0%| F|  |TAMS 0x0000000088200000, 0x0000000088200000| Untracked 
| 107|0x0000000088300000, 0x0000000088300000, 0x0000000088400000|  0%| F|  |TAMS 0x0000000088300000, 0x0000000088300000| Untracked 
| 108|0x0000000088400000, 0x0000000088400000, 0x0000000088500000|  0%| F|  |TAMS 0x0000000088400000, 0x0000000088400000| Untracked 
| 109|0x0000000088500000, 0x0000000088500000, 0x0000000088600000|  0%| F|  |TAMS 0x0000000088500000, 0x0000000088500000| Untracked 
| 110|0x0000000088600000, 0x0000000088600000, 0x0000000088700000|  0%| F|  |TAMS 0x0000000088600000, 0x0000000088600000| Untracked 
| 111|0x0000000088700000, 0x0000000088700000, 0x0000000088800000|  0%| F|  |TAMS 0x0000000088700000, 0x0000000088700000| Untracked 
| 112|0x0000000088800000, 0x0000000088800000, 0x0000000088900000|  0%| F|  |TAMS 0x0000000088800000, 0x0000000088800000| Untracked 
| 113|0x0000000088900000, 0x0000000088900000, 0x0000000088a00000|  0%| F|  |TAMS 0x0000000088900000, 0x0000000088900000| Untracked 
| 114|0x0000000088a00000, 0x0000000088a00000, 0x0000000088b00000|  0%| F|  |TAMS 0x0000000088a00000, 0x0000000088a00000| Untracked 
| 115|0x0000000088b00000, 0x0000000088b00000, 0x0000000088c00000|  0%| F|  |TAMS 0x0000000088b00000, 0x0000000088b00000| Untracked 
| 116|0x0000000088c00000, 0x0000000088c00000, 0x0000000088d00000|  0%| F|  |TAMS 0x0000000088c00000, 0x0000000088c00000| Untracked 
| 117|0x0000000088d00000, 0x0000000088d00000, 0x0000000088e00000|  0%| F|  |TAMS 0x0000000088d00000, 0x0000000088d00000| Untracked 
| 118|0x0000000088e00000, 0x0000000088e00000, 0x0000000088f00000|  0%| F|  |TAMS 0x0000000088e00000, 0x0000000088e00000| Untracked 
| 119|0x0000000088f00000, 0x0000000088f00000, 0x0000000089000000|  0%| F|  |TAMS 0x0000000088f00000, 0x0000000088f00000| Untracked 
| 120|0x0000000089000000, 0x0000000089000000, 0x0000000089100000|  0%| F|  |TAMS 0x0000000089000000, 0x0000000089000000| Untracked 
| 121|0x0000000089100000, 0x0000000089100000, 0x0000000089200000|  0%| F|  |TAMS 0x0000000089100000, 0x0000000089100000| Untracked 
| 122|0x0000000089200000, 0x0000000089200000, 0x0000000089300000|  0%| F|  |TAMS 0x0000000089200000, 0x0000000089200000| Untracked 
| 123|0x0000000089300000, 0x0000000089300000, 0x0000000089400000|  0%| F|  |TAMS 0x0000000089300000, 0x0000000089300000| Untracked 
| 124|0x0000000089400000, 0x0000000089400000, 0x0000000089500000|  0%| F|  |TAMS 0x0000000089400000, 0x0000000089400000| Untracked 
| 125|0x0000000089500000, 0x0000000089500000, 0x0000000089600000|  0%| F|  |TAMS 0x0000000089500000, 0x0000000089500000| Untracked 

Card table byte_map: [0x000001b87dd20000,0x000001b87e120000] _byte_map_base: 0x000001b87d914000

Marking Bits (Prev, Next): (CMBitMap*) 0x000001b87baaa2a8, (CMBitMap*) 0x000001b87baaa268
 Prev Bits: [0x000001b8192d0000, 0x000001b81b270000)
 Next Bits: [0x000001b817330000, 0x000001b8192d0000)

Polling page: 0x000001b87b8a0000

Metaspace:

Usage:
  Non-class:      4.00 MB capacity,   240.93 KB (  6%) used,     3.77 MB ( 94%) free+waste,   128 bytes ( <1%) overhead. 
      Class:    386.00 KB capacity,    12.03 KB (  3%) used,   373.84 KB ( 97%) free+waste,   128 bytes ( <1%) overhead. 
       Both:      4.38 MB capacity,   252.96 KB (  6%) used,     4.13 MB ( 94%) free+waste,   256 bytes ( <1%) overhead. 

Virtual space:
  Non-class space:        8.00 MB reserved,       4.25 MB ( 53%) committed 
      Class space:        1.00 GB reserved,     512.00 KB ( <1%) committed 
             Both:        1.01 GB reserved,       4.75 MB ( <1%) committed 

Chunk freelists:
   Non-Class:  0 bytes
       Class:  0 bytes
        Both:  0 bytes

CodeHeap 'non-profiled nmethods': size=120064Kb used=20Kb max_used=20Kb free=120043Kb
 bounds [0x000001b80fdf0000, 0x000001b810060000, 0x000001b817330000]
CodeHeap 'profiled nmethods': size=120000Kb used=142Kb max_used=142Kb free=119857Kb
 bounds [0x000001b8088c0000, 0x000001b808b30000, 0x000001b80fdf0000]
CodeHeap 'non-nmethods': size=5696Kb used=1007Kb max_used=1015Kb free=4688Kb
 bounds [0x000001b808330000, 0x000001b8085a0000, 0x000001b8088c0000]
 total_blobs=400 nmethods=93 adapters=166
 compilation: enabled
              stopped_count=0, restarted_count=0
 full_count=0

Compilation events (10 events):
Event: 0.143 Thread 0x000001b87f402000   89       3       java.lang.AbstractStringBuilder::ensureCapacityInternal (39 bytes)
Event: 0.144 Thread 0x000001b87f402000 nmethod 89 0x000001b8088e1810 code [0x000001b8088e1a00, 0x000001b8088e1f00]
Event: 0.147 Thread 0x000001b87f402000   90       3       java.lang.StringLatin1::canEncode (13 bytes)
Event: 0.148 Thread 0x000001b87f402000 nmethod 90 0x000001b8088e2090 code [0x000001b8088e2240, 0x000001b8088e23d8]
Event: 0.148 Thread 0x000001b87f402000   91       3       java.lang.String::indexOf (29 bytes)
Event: 0.148 Thread 0x000001b87f402000 nmethod 91 0x000001b8088e2490 code [0x000001b8088e2680, 0x000001b8088e2980]
Event: 0.148 Thread 0x000001b87f402000   92       3       java.lang.String::indexOf (7 bytes)
Event: 0.148 Thread 0x000001b87f402000 nmethod 92 0x000001b8088e2a90 code [0x000001b8088e2c80, 0x000001b8088e3000]
Event: 0.149 Thread 0x000001b87f402000   93       3       java.lang.String::toCharArray (25 bytes)
Event: 0.149 Thread 0x000001b87f402000 nmethod 93 0x000001b8088e3110 code [0x000001b8088e3320, 0x000001b8088e3880]

GC Heap History (4 events):
Event: 0.150 GC heap before
{Heap before GC invocations=0 (full 0):
 garbage-first heap   total 131072K, used 1024K [0x0000000081800000, 0x0000000100000000)
  region size 1024K, 2 young (2048K), 0 survivors (0K)
 Metaspace       used 252K, capacity 4486K, committed 4864K, reserved 1056768K
  class space    used 12K, capacity 386K, committed 512K, reserved 1048576K
}
Event: 0.153 GC heap after
{Heap after GC invocations=1 (full 0):
 garbage-first heap   total 131072K, used 718K [0x0000000081800000, 0x0000000100000000)
  region size 1024K, 1 young (1024K), 1 survivors (1024K)
 Metaspace       used 252K, capacity 4486K, committed 4864K, reserved 1056768K
  class space    used 12K, capacity 386K, committed 512K, reserved 1048576K
}
Event: 0.157 GC heap before
{Heap before GC invocations=2 (full 0):
 garbage-first heap   total 8192K, used 718K [0x0000000081800000, 0x0000000100000000)
  region size 1024K, 1 young (1024K), 1 survivors (1024K)
 Metaspace       used 252K, capacity 4486K, committed 4864K, reserved 1056768K
  class space    used 12K, capacity 386K, committed 512K, reserved 1048576K
}
Event: 0.158 GC heap after
{Heap after GC invocations=3 (full 0):
 garbage-first heap   total 8192K, used 766K [0x0000000081800000, 0x0000000100000000)
  region size 1024K, 1 young (1024K), 1 survivors (1024K)
 Metaspace       used 252K, capacity 4486K, committed 4864K, reserved 1056768K
  class space    used 12K, capacity 386K, committed 512K, reserved 1048576K
}

Deoptimization events (1 events):
Event: 0.135 Thread 0x000001b87ba6a800 Uncommon trap: reason=unstable_if action=reinterpret pc=0x000001b80fdf4ba4 method=java.lang.String.hashCode()I @ 14 c2

Classes redefined (0 events):
No events

Internal exceptions (0 events):
No events

Events (10 events):
Event: 0.145 Thread 0x000001b87f4e6800 Thread added: 0x000001b87f4e6800
Event: 0.146 Executing VM operation: RevokeBias
Event: 0.146 Executing VM operation: RevokeBias done
Event: 0.150 Executing VM operation: G1CollectForAllocation
Event: 0.153 Executing VM operation: G1CollectForAllocation done
Event: 0.154 Executing VM operation: G1Concurrent
Event: 0.155 Executing VM operation: G1Concurrent done
Event: 0.155 Executing VM operation: G1Concurrent
Event: 0.156 Executing VM operation: G1Concurrent done
Event: 0.157 Executing VM operation: G1CollectForAllocation


Dynamic libraries:
0x00007ff642030000 - 0x00007ff64203f000 	C:\Program Files\jdk-12.0.1\bin\javaw.exe
0x00007ffe77620000 - 0x00007ffe7780d000 	C:\Windows\SYSTEM32\ntdll.dll
0x00007ffe76600000 - 0x00007ffe766b3000 	C:\Windows\System32\KERNEL32.DLL
0x00007ffe73740000 - 0x00007ffe739d3000 	C:\Windows\System32\KERNELBASE.dll
0x00007ffe73b00000 - 0x00007ffe73bfa000 	C:\Windows\System32\ucrtbase.dll
0x00007ffe62880000 - 0x00007ffe62898000 	C:\Program Files\jdk-12.0.1\bin\jli.dll
0x00007ffe75f50000 - 0x00007ffe75ff3000 	C:\Windows\System32\ADVAPI32.dll
0x00007ffe62860000 - 0x00007ffe62876000 	C:\Program Files\jdk-12.0.1\bin\VCRUNTIME140.dll
0x00007ffe76000000 - 0x00007ffe7609e000 	C:\Windows\System32\msvcrt.dll
0x00007ffe766c0000 - 0x00007ffe7675e000 	C:\Windows\System32\sechost.dll
0x00007ffe76de0000 - 0x00007ffe76f02000 	C:\Windows\System32\RPCRT4.dll
0x00007ffe762b0000 - 0x00007ffe76447000 	C:\Windows\System32\USER32.dll
0x00007ffe747f0000 - 0x00007ffe74810000 	C:\Windows\System32\win32u.dll
0x00007ffe775f0000 - 0x00007ffe77619000 	C:\Windows\System32\GDI32.dll
0x00007ffe73de0000 - 0x00007ffe73f79000 	C:\Windows\System32\gdi32full.dll
0x00007ffe73a60000 - 0x00007ffe73b00000 	C:\Windows\System32\msvcp_win.dll
0x00007ffe65790000 - 0x00007ffe65a09000 	C:\Windows\WinSxS\amd64_microsoft.windows.common-controls_6595b64144ccf1df_6.0.17763.737_none_05b6437c071e554b\COMCTL32.dll
0x00007ffe769b0000 - 0x00007ffe76cdc000 	C:\Windows\System32\combase.dll
0x00007ffe739e0000 - 0x00007ffe73a5e000 	C:\Windows\System32\bcryptPrimitives.dll
0x00007ffe680c0000 - 0x00007ffe680ca000 	C:\Windows\SYSTEM32\VERSION.dll
0x00007ffe76ce0000 - 0x00007ffe76d0e000 	C:\Windows\System32\IMM32.DLL
0x00007ffe5a880000 - 0x00007ffe5a92a000 	C:\Program Files\jdk-12.0.1\bin\msvcp140.dll
0x00007ffe42c30000 - 0x00007ffe437a4000 	C:\Program Files\jdk-12.0.1\bin\server\jvm.dll
0x00007ffe75f40000 - 0x00007ffe75f48000 	C:\Windows\System32\PSAPI.DLL
0x00007ffe69b00000 - 0x00007ffe69b24000 	C:\Windows\SYSTEM32\WINMM.dll
0x00007ffe72210000 - 0x00007ffe72219000 	C:\Windows\SYSTEM32\WSOCK32.dll
0x00007ffe76d10000 - 0x00007ffe76d7d000 	C:\Windows\System32\WS2_32.dll
0x00007ffe698c0000 - 0x00007ffe698ed000 	C:\Windows\SYSTEM32\WINMMBASE.dll
0x00007ffe747a0000 - 0x00007ffe747ea000 	C:\Windows\System32\cfgmgr32.dll
0x00007ffe736a0000 - 0x00007ffe736b1000 	C:\Windows\System32\kernel.appcore.dll
0x00007ffe60b50000 - 0x00007ffe60b61000 	C:\Program Files\jdk-12.0.1\bin\verify.dll
0x00007ffe71fa0000 - 0x00007ffe7218d000 	C:\Windows\SYSTEM32\DBGHELP.DLL
0x00007ffe66dc0000 - 0x00007ffe66dea000 	C:\Windows\SYSTEM32\dbgcore.DLL
0x00007ffe60ab0000 - 0x00007ffe60ad6000 	C:\Program Files\jdk-12.0.1\bin\java.dll
0x00007ffe60b30000 - 0x00007ffe60b47000 	C:\Program Files\jdk-12.0.1\bin\zip.dll
0x00007ffe6e390000 - 0x00007ffe6e39a000 	C:\Program Files\jdk-12.0.1\bin\jimage.dll
0x00007ffe74a40000 - 0x00007ffe75f32000 	C:\Windows\System32\SHELL32.dll
0x00007ffe76900000 - 0x00007ffe769a8000 	C:\Windows\System32\shcore.dll
0x00007ffe74030000 - 0x00007ffe7477a000 	C:\Windows\System32\windows.storage.dll
0x00007ffe736c0000 - 0x00007ffe736e4000 	C:\Windows\System32\profapi.dll
0x00007ffe73640000 - 0x00007ffe7369d000 	C:\Windows\System32\powrprof.dll
0x00007ffe76d80000 - 0x00007ffe76dd2000 	C:\Windows\System32\shlwapi.dll
0x00007ffe74780000 - 0x00007ffe74797000 	C:\Windows\System32\cryptsp.dll

dbghelp: loaded successfully - version: 4.0.5 - missing functions: none
symbol engine: initialized successfully - sym options: 0x614 - pdb path: .;C:\Program Files\jdk-12.0.1\bin;C:\Windows\SYSTEM32;C:\Windows\WinSxS\amd64_microsoft.windows.common-controls_6595b64144ccf1df_6.0.17763.737_none_05b6437c071e554b;C:\Program Files\jdk-12.0.1\bin\server

VM Arguments:
jvm_args: -Dfile.encoding=UTF-8 
java_command: com.cai.sort.MergeSort
java_class_path (initial): E:\git\repository\dataStructure\bin
Launcher Type: SUN_STANDARD

[Global flags]
     intx CICompilerCount                          = 3                                         {product} {ergonomic}
     uint ConcGCThreads                            = 1                                         {product} {ergonomic}
     uint G1ConcRefinementThreads                  = 4                                         {product} {ergonomic}
   size_t G1HeapRegionSize                         = 1048576                                   {product} {ergonomic}
    uintx GCDrainStackTargetSize                   = 64                                        {product} {ergonomic}
   size_t InitialHeapSize                          = 134217728                                 {product} {ergonomic}
   size_t MarkStackSize                            = 4194304                                   {product} {ergonomic}
   size_t MaxHeapSize                              = 2122317824                                {product} {ergonomic}
   size_t MaxNewSize                               = 1272971264                                {product} {ergonomic}
   size_t MinHeapDeltaBytes                        = 1048576                                   {product} {ergonomic}
    uintx NonNMethodCodeHeapSize                   = 5830732                                {pd product} {ergonomic}
    uintx NonProfiledCodeHeapSize                  = 122913754                              {pd product} {ergonomic}
    uintx ProfiledCodeHeapSize                     = 122913754                              {pd product} {ergonomic}
    uintx ReservedCodeCacheSize                    = 251658240                              {pd product} {ergonomic}
     bool SegmentedCodeCache                       = true                                      {product} {ergonomic}
     bool UseCompressedClassPointers               = true                                 {lp64_product} {ergonomic}
     bool UseCompressedOops                        = true                                 {lp64_product} {ergonomic}
     bool UseG1GC                                  = true                                      {product} {ergonomic}
     bool UseLargePagesIndividualAllocation        = false                                  {pd product} {ergonomic}

Logging:
Log output configuration:
 #0: stdout all=warning uptime,level,tags
 #1: stderr all=off uptime,level,tags

Environment Variables:
JAVA_HOME=C:\Program Files\Java\jdk1.8.0_202
PATH=C:/Program Files/Java/jre1.8.0_202/bin/server;C:/Program Files/Java/jre1.8.0_202/bin;C:/Program Files/Java/jre1.8.0_202/lib/amd64;C:\Program Files (x86)\Common Files\Oracle\Java\javapath;C:\Windows\system32;C:\Windows;C:\Windows\System32\Wbem;C:\Windows\System32\WindowsPowerShell\v1.0\;C:\Windows\System32\OpenSSH\;C:\Program Files\Java\jdk1.8.0_202\bin;E:\Program Files\mysql-8.0.18-winx64\bin;E:\soft\apache-maven-3.6.0\bin;C:\Program Files\apache-activemq-5.15.12\bin;E:\Program Files\bin;C:\Users\Administrator\AppData\Local\Programs\Python\Python37\Scripts\;C:\Users\Administrator\AppData\Local\Programs\Python\Python37\;C:\Users\Administrator\AppData\Local\Microsoft\WindowsApps;;E:\Program Files\eclipse;
USERNAME=Administrator
OS=Windows_NT
PROCESSOR_IDENTIFIER=Intel64 Family 6 Model 61 Stepping 4, GenuineIntel



---------------  S Y S T E M  ---------------

OS: Windows 10 , 64 bit Build 17763 (10.0.17763.475)

CPU:total 4 (initial active 4) (2 cores per cpu, 2 threads per core) family 6 model 61 stepping 4, cmov, cx8, fxsr, mmx, sse, sse2, sse3, ssse3, sse4.1, sse4.2, popcnt, avx, avx2, aes, clmul, erms, 3dnowpref, lzcnt, ht, tsc, tscinvbit, bmi1, bmi2, adx, fma

Memory: 4k page, system-wide physical 8091M (1866M free)
TotalPageFile size 14892M (AvailPageFile size 915M)
current process WorkingSet (physical memory assigned to process): 27M, peak: 27M
current process commit charge ("private bytes"): 196M, peak: 2094M

vm_info: Java HotSpot(TM) 64-Bit Server VM (12.0.1+12) for windows-amd64 JRE (12.0.1+12), built on Apr  2 2019 14:02:19 by "mach5one" with MS VC++ 15.5 (VS2017)

END.
